app/build/intermediates/manifest_merge_blame_file/debug/manifest-merger-blame-debug-report.txt
1<?xml version="1.0" encoding="utf-8"?>
2<manifest xmlns:android="http://schemas.android.com/apk/res/android"
3    package="com.google.mlkit.vision.demo"
4    android:installLocation="auto"
5    android:versionCode="11"
6    android:versionName="1.11" >
7    <!--
8 CameraX libraries require minSdkVersion 21, while this quickstart app
9    supports low to 19. Needs to use overrideLibrary to make the merger tool
10    ignore this conflict and import the libraries while keeping the app's lower
11    minSdkVersion value. In code, will check SDK version, before calling CameraX
12    APIs.
13    -->
14    <uses-sdk
14-->src\main\AndroidManifest.xml:12:5-16:60
15        android:minSdkVersion="21"
15-->src\main\AndroidManifest.xml:12:5-16:60
16        android:targetSdkVersion="34" />
16-->src\main\AndroidManifest.xml:12:5-16:60
17
18    <uses-feature android:name="android.hardware.camera" />
18-->src\main\AndroidManifest.xml:18:5-59
18-->src\main\AndroidManifest.xml:18:19-57
19
20    <uses-permission android:name="android.permission.INTERNET" />
20-->src\main\AndroidManifest.xml:20:5-66
20-->src\main\AndroidManifest.xml:20:22-64
21    <uses-permission android:name="android.permission.WRITE_EXTERNAL_STORAGE" />
21-->src\main\AndroidManifest.xml:21:5-80
21-->src\main\AndroidManifest.xml:21:22-78
22    <uses-permission android:name="android.permission.READ_EXTERNAL_STORAGE" />
22-->src\main\AndroidManifest.xml:22:5-79
22-->src\main\AndroidManifest.xml:22:22-77
23    <uses-permission android:name="android.permission.CAMERA" />
23-->src\main\AndroidManifest.xml:23:5-64
23-->src\main\AndroidManifest.xml:23:22-62
24
25    <queries>
25-->src\main\AndroidManifest.xml:114:5-119:15
26        <intent>
26-->src\main\AndroidManifest.xml:115:9-118:18
27            <action android:name="android.media.action.IMAGE_CAPTURE" />
27-->src\main\AndroidManifest.xml:116:13-73
27-->src\main\AndroidManifest.xml:116:21-70
28        </intent>
29    </queries>
30
31    <!-- For remote config -->
32    <uses-permission android:name="android.permission.ACCESS_NETWORK_STATE" />
32-->[com.google.mlkit:pose-detection-common:18.0.0-beta5] AndroidManifest.xml:7:5-79
32-->[com.google.mlkit:pose-detection-common:18.0.0-beta5] AndroidManifest.xml:7:22-76
33    <uses-permission android:name="android.permission.WAKE_LOCK" />
33-->[androidx.work:work-runtime:2.7.0] AndroidManifest.xml:25:5-68
33-->[androidx.work:work-runtime:2.7.0] AndroidManifest.xml:25:22-65
34    <uses-permission android:name="android.permission.RECEIVE_BOOT_COMPLETED" />
34-->[androidx.work:work-runtime:2.7.0] AndroidManifest.xml:27:5-81
34-->[androidx.work:work-runtime:2.7.0] AndroidManifest.xml:27:22-78
35    <uses-permission android:name="android.permission.FOREGROUND_SERVICE" />
35-->[androidx.work:work-runtime:2.7.0] AndroidManifest.xml:28:5-77
35-->[androidx.work:work-runtime:2.7.0] AndroidManifest.xml:28:22-74
36
37    <permission
37-->[androidx.core:core:1.9.0] AndroidManifest.xml:22:5-24:47
38        android:name="com.google.mlkit.vision.demo.DYNAMIC_RECEIVER_NOT_EXPORTED_PERMISSION"
38-->[androidx.core:core:1.9.0] AndroidManifest.xml:23:9-81
39        android:protectionLevel="signature" />
39-->[androidx.core:core:1.9.0] AndroidManifest.xml:24:9-44
40
41    <uses-permission android:name="com.google.mlkit.vision.demo.DYNAMIC_RECEIVER_NOT_EXPORTED_PERMISSION" />
41-->[androidx.core:core:1.9.0] AndroidManifest.xml:26:5-97
41-->[androidx.core:core:1.9.0] AndroidManifest.xml:26:22-94
42
43    <application
43-->src\main\AndroidManifest.xml:25:5-113:19
44        android:name="androidx.multidex.MultiDexApplication"
44-->src\main\AndroidManifest.xml:26:9-61
45        android:appComponentFactory="androidx.core.app.CoreComponentFactory"
45-->[androidx.core:core:1.9.0] AndroidManifest.xml:28:18-86
46        android:debuggable="true"
47        android:icon="@drawable/logo_mlkit"
47-->src\main\AndroidManifest.xml:27:9-44
48        android:label="@string/app_name"
48-->src\main\AndroidManifest.xml:28:9-41
49        android:theme="@style/Theme.AppCompat" >
49-->src\main\AndroidManifest.xml:29:9-47
50        <meta-data
50-->src\main\AndroidManifest.xml:31:9-33:68
51            android:name="com.google.android.gms.version"
51-->src\main\AndroidManifest.xml:32:13-58
52            android:value="@integer/google_play_services_version" />
52-->src\main\AndroidManifest.xml:33:13-66
53
54        <!--
55          Optional: Add it to automatically download ML model to device after
56          your app is installed.
57        -->
58        <meta-data
58-->src\main\AndroidManifest.xml:37:9-39:129
59            android:name="com.google.mlkit.vision.DEPENDENCIES"
59-->src\main\AndroidManifest.xml:38:13-64
60            android:value="barcode,face,ocr,ocr_chinese,ocr_devanagari,ocr_japanese,ocr_korean,ica,custom_ica,subject_segment" />
60-->src\main\AndroidManifest.xml:39:13-127
61
62        <!-- <activity -->
63        <!-- android:name=".EntryChoiceActivity" -->
64        <!-- android:exported="false" -->
65        <!-- android:theme="@style/AppTheme"> -->
66        <!-- </activity> -->
67
68
69        <!-- <activity -->
70        <!-- android:name=".java.ChooserActivity" -->
71        <!-- android:exported="false"> -->
72        <!-- </activity> -->
73
74
75        <!-- <activity -->
76        <!-- android:name=".java.LivePreviewActivity" -->
77        <!-- android:exported="false" -->
78        <!-- android:theme="@style/AppTheme"> -->
79        <!-- </activity> -->
80
81
82        <!-- <activity -->
83        <!-- android:name=".java.CameraXLivePreviewActivity" -->
84        <!-- android:exported="false" -->
85        <!-- android:theme="@style/AppTheme"> -->
86        <!-- </activity> -->
87
88        <activity
88-->src\main\AndroidManifest.xml:64:9-72:20
89            android:name="com.google.mlkit.vision.demo.java.CameraXSourceDemoActivity"
89-->src\main\AndroidManifest.xml:65:13-59
90            android:exported="true"
90-->src\main\AndroidManifest.xml:66:13-36
91            android:theme="@style/AppTheme" >
91-->src\main\AndroidManifest.xml:67:13-44
92            <intent-filter>
92-->src\main\AndroidManifest.xml:68:13-71:29
93                <action android:name="android.intent.action.MAIN" />
93-->src\main\AndroidManifest.xml:69:17-68
93-->src\main\AndroidManifest.xml:69:25-66
94
95                <category android:name="android.intent.category.LAUNCHER" />
95-->src\main\AndroidManifest.xml:70:17-76
95-->src\main\AndroidManifest.xml:70:27-74
96            </intent-filter>
97        </activity>
98
99        <!-- <activity -->
100        <!-- android:name=".java.StillImageActivity" -->
101        <!-- android:exported="false" -->
102        <!-- android:theme="@style/AppTheme"> -->
103        <!-- </activity> -->
104
105
106        <!-- <activity -->
107        <!-- android:name=".kotlin.ChooserActivity" -->
108        <!-- android:exported="false"> -->
109        <!-- </activity> -->
110
111
112        <!-- <activity -->
113        <!-- android:name=".kotlin.LivePreviewActivity" -->
114        <!-- android:exported="false" -->
115        <!-- android:theme="@style/AppTheme"> -->
116        <!-- </activity> -->
117
118
119        <!-- <activity -->
120        <!-- android:name=".kotlin.CameraXLivePreviewActivity" -->
121        <!-- android:exported="false" -->
122        <!-- android:theme="@style/AppTheme"> -->
123        <!-- </activity> -->
124
125
126        <!-- <activity -->
127        <!-- android:name=".kotlin.CameraXSourceDemoActivity" -->
128        <!-- android:exported="false" -->
129        <!-- android:theme="@style/AppTheme"> -->
130        <!-- </activity> -->
131
132
133        <!-- <activity -->
134        <!-- android:name=".kotlin.StillImageActivity" -->
135        <!-- android:exported="false" -->
136        <!-- android:theme="@style/AppTheme"> -->
137        <!-- </activity> -->
138
139        <activity
139-->src\main\AndroidManifest.xml:109:9-111:39
140            android:name="com.google.mlkit.vision.demo.preference.SettingsActivity"
140-->src\main\AndroidManifest.xml:110:13-56
141            android:exported="false" />
141-->src\main\AndroidManifest.xml:111:13-37
142
143        <!--
144             Required for ML Kit Pose Detection GPU acceleration. Applications that target Android
145             S+ require explicit declaration of any referenced vendor-provided libraries.
146        -->
147        <uses-native-library
147-->[com.google.mlkit:pose-detection-common:18.0.0-beta5] AndroidManifest.xml:16:9-18:40
148            android:name="libOpenCL.so"
148-->[com.google.mlkit:pose-detection-common:18.0.0-beta5] AndroidManifest.xml:17:13-40
149            android:required="false" />
149-->[com.google.mlkit:pose-detection-common:18.0.0-beta5] AndroidManifest.xml:18:13-37
150        <uses-native-library
150-->[com.google.mlkit:pose-detection-common:18.0.0-beta5] AndroidManifest.xml:16:9-18:40
151            android:name="libOpenCL-car.so"
151-->[com.google.mlkit:pose-detection-common:18.0.0-beta5] AndroidManifest.xml:17:13-40
152            android:required="false" />
152-->[com.google.mlkit:pose-detection-common:18.0.0-beta5] AndroidManifest.xml:18:13-37
153        <uses-native-library
153-->[com.google.mlkit:pose-detection-common:18.0.0-beta5] AndroidManifest.xml:16:9-18:40
154            android:name="libOpenCL-pixel.so"
154-->[com.google.mlkit:pose-detection-common:18.0.0-beta5] AndroidManifest.xml:17:13-40
155            android:required="false" />
155-->[com.google.mlkit:pose-detection-common:18.0.0-beta5] AndroidManifest.xml:18:13-37
156
157        <service
157-->[com.google.mlkit:pose-detection-common:18.0.0-beta5] AndroidManifest.xml:26:9-32:19
158            android:name="com.google.mlkit.common.internal.MlKitComponentDiscoveryService"
158-->[com.google.mlkit:pose-detection-common:18.0.0-beta5] AndroidManifest.xml:27:13-91
159            android:directBootAware="true"
159-->[com.google.mlkit:common:18.11.0] AndroidManifest.xml:17:13-43
160            android:exported="false" >
160-->[com.google.mlkit:pose-detection-common:18.0.0-beta5] AndroidManifest.xml:28:13-37
161            <meta-data
161-->[com.google.mlkit:pose-detection-common:18.0.0-beta5] AndroidManifest.xml:29:13-31:85
162                android:name="com.google.firebase.components:com.google.mlkit.vision.pose.internal.PoseRegistrar"
162-->[com.google.mlkit:pose-detection-common:18.0.0-beta5] AndroidManifest.xml:30:17-114
163                android:value="com.google.firebase.components.ComponentRegistrar" />
163-->[com.google.mlkit:pose-detection-common:18.0.0-beta5] AndroidManifest.xml:31:17-82
164            <meta-data
164-->[com.google.mlkit:object-detection:17.0.2] AndroidManifest.xml:14:13-16:85
165                android:name="com.google.firebase.components:com.google.mlkit.vision.objects.defaults.internal.DefaultObjectsRegistrar"
165-->[com.google.mlkit:object-detection:17.0.2] AndroidManifest.xml:15:17-136
166                android:value="com.google.firebase.components.ComponentRegistrar" />
166-->[com.google.mlkit:object-detection:17.0.2] AndroidManifest.xml:16:17-82
167            <meta-data
167-->[com.google.mlkit:object-detection-custom:17.0.2] AndroidManifest.xml:11:13-13:85
168                android:name="com.google.firebase.components:com.google.mlkit.vision.objects.custom.internal.CustomObjectsRegistrar"
168-->[com.google.mlkit:object-detection-custom:17.0.2] AndroidManifest.xml:12:17-133
169                android:value="com.google.firebase.components.ComponentRegistrar" />
169-->[com.google.mlkit:object-detection-custom:17.0.2] AndroidManifest.xml:13:17-82
170            <meta-data
170-->[com.google.mlkit:image-labeling:17.0.9] AndroidManifest.xml:11:13-13:85
171                android:name="com.google.firebase.components:com.google.mlkit.vision.label.defaults.internal.BundledLabelRegistrar"
171-->[com.google.mlkit:image-labeling:17.0.9] AndroidManifest.xml:12:17-132
172                android:value="com.google.firebase.components.ComponentRegistrar" />
172-->[com.google.mlkit:image-labeling:17.0.9] AndroidManifest.xml:13:17-82
173            <meta-data
173-->[com.google.mlkit:image-labeling-custom:17.0.3] AndroidManifest.xml:11:13-13:85
174                android:name="com.google.firebase.components:com.google.mlkit.vision.label.custom.internal.CustomLabelRegistrar"
174-->[com.google.mlkit:image-labeling-custom:17.0.3] AndroidManifest.xml:12:17-129
175                android:value="com.google.firebase.components.ComponentRegistrar" />
175-->[com.google.mlkit:image-labeling-custom:17.0.3] AndroidManifest.xml:13:17-82
176            <meta-data
176-->[com.google.mlkit:segmentation-selfie:16.0.0-beta6] AndroidManifest.xml:12:13-14:85
177                android:name="com.google.firebase.components:com.google.mlkit.vision.segmentation.internal.SegmentationRegistrar"
177-->[com.google.mlkit:segmentation-selfie:16.0.0-beta6] AndroidManifest.xml:13:17-130
178                android:value="com.google.firebase.components.ComponentRegistrar" />
178-->[com.google.mlkit:segmentation-selfie:16.0.0-beta6] AndroidManifest.xml:14:17-82
179            <meta-data
179-->[com.google.mlkit:face-mesh-detection:16.0.0-beta3] AndroidManifest.xml:11:13-13:85
180                android:name="com.google.firebase.components:com.google.mlkit.vision.facemesh.internal.FaceMeshRegistrar"
180-->[com.google.mlkit:face-mesh-detection:16.0.0-beta3] AndroidManifest.xml:12:17-122
181                android:value="com.google.firebase.components.ComponentRegistrar" />
181-->[com.google.mlkit:face-mesh-detection:16.0.0-beta3] AndroidManifest.xml:13:17-82
182            <meta-data
182-->[com.google.android.gms:play-services-mlkit-subject-segmentation:16.0.0-beta1] AndroidManifest.xml:11:13-13:85
183                android:name="com.google.firebase.components:com.google.mlkit.vision.segmentation.subject.internal.SubjectSegmentationRegistrar"
183-->[com.google.android.gms:play-services-mlkit-subject-segmentation:16.0.0-beta1] AndroidManifest.xml:12:17-145
184                android:value="com.google.firebase.components.ComponentRegistrar" />
184-->[com.google.android.gms:play-services-mlkit-subject-segmentation:16.0.0-beta1] AndroidManifest.xml:13:17-82
185            <meta-data
185-->[com.google.android.gms:play-services-mlkit-barcode-scanning:18.3.1] AndroidManifest.xml:12:13-14:85
186                android:name="com.google.firebase.components:com.google.mlkit.vision.barcode.internal.BarcodeRegistrar"
186-->[com.google.android.gms:play-services-mlkit-barcode-scanning:18.3.1] AndroidManifest.xml:13:17-120
187                android:value="com.google.firebase.components.ComponentRegistrar" />
187-->[com.google.android.gms:play-services-mlkit-barcode-scanning:18.3.1] AndroidManifest.xml:14:17-82
188            <meta-data
188-->[com.google.mlkit:vision-internal-vkp:18.2.3] AndroidManifest.xml:14:13-16:85
189                android:name="com.google.firebase.components:com.google.mlkit.vision.vkp.VkpRegistrar"
189-->[com.google.mlkit:vision-internal-vkp:18.2.3] AndroidManifest.xml:15:17-103
190                android:value="com.google.firebase.components.ComponentRegistrar" />
190-->[com.google.mlkit:vision-internal-vkp:18.2.3] AndroidManifest.xml:16:17-82
191            <meta-data
191-->[com.google.android.gms:play-services-mlkit-face-detection:17.1.0] AndroidManifest.xml:12:13-14:85
192                android:name="com.google.firebase.components:com.google.mlkit.vision.face.internal.FaceRegistrar"
192-->[com.google.android.gms:play-services-mlkit-face-detection:17.1.0] AndroidManifest.xml:13:17-114
193                android:value="com.google.firebase.components.ComponentRegistrar" />
193-->[com.google.android.gms:play-services-mlkit-face-detection:17.1.0] AndroidManifest.xml:14:17-82
194            <meta-data
194-->[com.google.android.gms:play-services-mlkit-text-recognition-common:19.1.0] AndroidManifest.xml:12:13-14:85
195                android:name="com.google.firebase.components:com.google.mlkit.vision.text.internal.TextRegistrar"
195-->[com.google.android.gms:play-services-mlkit-text-recognition-common:19.1.0] AndroidManifest.xml:13:17-114
196                android:value="com.google.firebase.components.ComponentRegistrar" />
196-->[com.google.android.gms:play-services-mlkit-text-recognition-common:19.1.0] AndroidManifest.xml:14:17-82
197            <meta-data
197-->[com.google.mlkit:vision-common:17.3.0] AndroidManifest.xml:12:13-14:85
198                android:name="com.google.firebase.components:com.google.mlkit.vision.common.internal.VisionCommonRegistrar"
198-->[com.google.mlkit:vision-common:17.3.0] AndroidManifest.xml:13:17-124
199                android:value="com.google.firebase.components.ComponentRegistrar" />
199-->[com.google.mlkit:vision-common:17.3.0] AndroidManifest.xml:14:17-82
200            <meta-data
200-->[com.google.mlkit:common:18.11.0] AndroidManifest.xml:20:13-22:85
201                android:name="com.google.firebase.components:com.google.mlkit.common.internal.CommonComponentRegistrar"
201-->[com.google.mlkit:common:18.11.0] AndroidManifest.xml:21:17-120
202                android:value="com.google.firebase.components.ComponentRegistrar" />
202-->[com.google.mlkit:common:18.11.0] AndroidManifest.xml:22:17-82
203        </service>
204        <service
204-->[com.google.mlkit:acceleration:16.0.0-beta2] AndroidManifest.xml:8:9-11:68
205            android:name="com.google.mlkit.acceleration.internal.MlKitRemoteWorkerService"
205-->[com.google.mlkit:acceleration:16.0.0-beta2] AndroidManifest.xml:9:13-91
206            android:exported="false"
206-->[com.google.mlkit:acceleration:16.0.0-beta2] AndroidManifest.xml:10:13-37
207            android:process=":mlkit_acceleration_mini_benchmark" />
207-->[com.google.mlkit:acceleration:16.0.0-beta2] AndroidManifest.xml:11:13-65
208        <service
208-->[androidx.work:work-multiprocess:2.7.0] AndroidManifest.xml:25:9-27:40
209            android:name="androidx.work.multiprocess.RemoteWorkManagerService"
209-->[androidx.work:work-multiprocess:2.7.0] AndroidManifest.xml:26:13-79
210            android:exported="false" />
210-->[androidx.work:work-multiprocess:2.7.0] AndroidManifest.xml:27:13-37
211
212        <provider
212-->[com.google.mlkit:common:18.11.0] AndroidManifest.xml:9:9-13:38
213            android:name="com.google.mlkit.common.internal.MlKitInitProvider"
213-->[com.google.mlkit:common:18.11.0] AndroidManifest.xml:10:13-78
214            android:authorities="com.google.mlkit.vision.demo.mlkitinitprovider"
214-->[com.google.mlkit:common:18.11.0] AndroidManifest.xml:11:13-69
215            android:exported="false"
215-->[com.google.mlkit:common:18.11.0] AndroidManifest.xml:12:13-37
216            android:initOrder="99" />
216-->[com.google.mlkit:common:18.11.0] AndroidManifest.xml:13:13-35
217
218        <activity
218-->[com.google.android.gms:play-services-base:18.5.0] AndroidManifest.xml:5:9-173
219            android:name="com.google.android.gms.common.api.GoogleApiActivity"
219-->[com.google.android.gms:play-services-base:18.5.0] AndroidManifest.xml:5:19-85
220            android:exported="false"
220-->[com.google.android.gms:play-services-base:18.5.0] AndroidManifest.xml:5:146-170
221            android:theme="@android:style/Theme.Translucent.NoTitleBar" />
221-->[com.google.android.gms:play-services-base:18.5.0] AndroidManifest.xml:5:86-145
222
223        <provider
223-->[androidx.work:work-runtime:2.7.0] AndroidManifest.xml:31:9-39:20
224            android:name="androidx.startup.InitializationProvider"
224-->[androidx.work:work-runtime:2.7.0] AndroidManifest.xml:32:13-67
225            android:authorities="com.google.mlkit.vision.demo.androidx-startup"
225-->[androidx.work:work-runtime:2.7.0] AndroidManifest.xml:33:13-68
226            android:exported="false" >
226-->[androidx.work:work-runtime:2.7.0] AndroidManifest.xml:34:13-37
227            <meta-data
227-->[androidx.work:work-runtime:2.7.0] AndroidManifest.xml:36:13-38:52
228                android:name="androidx.work.WorkManagerInitializer"
228-->[androidx.work:work-runtime:2.7.0] AndroidManifest.xml:37:17-68
229                android:value="androidx.startup" />
229-->[androidx.work:work-runtime:2.7.0] AndroidManifest.xml:38:17-49
230            <meta-data
230-->[androidx.emoji2:emoji2:1.2.0] AndroidManifest.xml:29:13-31:52
231                android:name="androidx.emoji2.text.EmojiCompatInitializer"
231-->[androidx.emoji2:emoji2:1.2.0] AndroidManifest.xml:30:17-75
232                android:value="androidx.startup" />
232-->[androidx.emoji2:emoji2:1.2.0] AndroidManifest.xml:31:17-49
233            <meta-data
233-->[androidx.lifecycle:lifecycle-process:2.4.1] AndroidManifest.xml:31:13-33:52
234                android:name="androidx.lifecycle.ProcessLifecycleInitializer"
234-->[androidx.lifecycle:lifecycle-process:2.4.1] AndroidManifest.xml:32:17-78
235                android:value="androidx.startup" />
235-->[androidx.lifecycle:lifecycle-process:2.4.1] AndroidManifest.xml:33:17-49
236        </provider>
237
238        <service
238-->[androidx.work:work-runtime:2.7.0] AndroidManifest.xml:41:9-46:35
239            android:name="androidx.work.impl.background.systemalarm.SystemAlarmService"
239-->[androidx.work:work-runtime:2.7.0] AndroidManifest.xml:42:13-88
240            android:directBootAware="false"
240-->[androidx.work:work-runtime:2.7.0] AndroidManifest.xml:43:13-44
241            android:enabled="@bool/enable_system_alarm_service_default"
241-->[androidx.work:work-runtime:2.7.0] AndroidManifest.xml:44:13-72
242            android:exported="false" />
242-->[androidx.work:work-runtime:2.7.0] AndroidManifest.xml:45:13-37
243        <service
243-->[androidx.work:work-runtime:2.7.0] AndroidManifest.xml:47:9-53:35
244            android:name="androidx.work.impl.background.systemjob.SystemJobService"
244-->[androidx.work:work-runtime:2.7.0] AndroidManifest.xml:48:13-84
245            android:directBootAware="false"
245-->[androidx.work:work-runtime:2.7.0] AndroidManifest.xml:49:13-44
246            android:enabled="@bool/enable_system_job_service_default"
246-->[androidx.work:work-runtime:2.7.0] AndroidManifest.xml:50:13-70
247            android:exported="true"
247-->[androidx.work:work-runtime:2.7.0] AndroidManifest.xml:51:13-36
248            android:permission="android.permission.BIND_JOB_SERVICE" />
248-->[androidx.work:work-runtime:2.7.0] AndroidManifest.xml:52:13-69
249        <service
249-->[androidx.work:work-runtime:2.7.0] AndroidManifest.xml:54:9-59:35
250            android:name="androidx.work.impl.foreground.SystemForegroundService"
250-->[androidx.work:work-runtime:2.7.0] AndroidManifest.xml:55:13-81
251            android:directBootAware="false"
251-->[androidx.work:work-runtime:2.7.0] AndroidManifest.xml:56:13-44
252            android:enabled="@bool/enable_system_foreground_service_default"
252-->[androidx.work:work-runtime:2.7.0] AndroidManifest.xml:57:13-77
253            android:exported="false" />
253-->[androidx.work:work-runtime:2.7.0] AndroidManifest.xml:58:13-37
254
255        <receiver
255-->[androidx.work:work-runtime:2.7.0] AndroidManifest.xml:61:9-66:35
256            android:name="androidx.work.impl.utils.ForceStopRunnable$BroadcastReceiver"
256-->[androidx.work:work-runtime:2.7.0] AndroidManifest.xml:62:13-88
257            android:directBootAware="false"
257-->[androidx.work:work-runtime:2.7.0] AndroidManifest.xml:63:13-44
258            android:enabled="true"
258-->[androidx.work:work-runtime:2.7.0] AndroidManifest.xml:64:13-35
259            android:exported="false" />
259-->[androidx.work:work-runtime:2.7.0] AndroidManifest.xml:65:13-37
260        <receiver
260-->[androidx.work:work-runtime:2.7.0] AndroidManifest.xml:67:9-77:20
261            android:name="androidx.work.impl.background.systemalarm.ConstraintProxy$BatteryChargingProxy"
261-->[androidx.work:work-runtime:2.7.0] AndroidManifest.xml:68:13-106
262            android:directBootAware="false"
262-->[androidx.work:work-runtime:2.7.0] AndroidManifest.xml:69:13-44
263            android:enabled="false"
263-->[androidx.work:work-runtime:2.7.0] AndroidManifest.xml:70:13-36
264            android:exported="false" >
264-->[androidx.work:work-runtime:2.7.0] AndroidManifest.xml:71:13-37
265            <intent-filter>
265-->[androidx.work:work-runtime:2.7.0] AndroidManifest.xml:73:13-76:29
266                <action android:name="android.intent.action.ACTION_POWER_CONNECTED" />
266-->[androidx.work:work-runtime:2.7.0] AndroidManifest.xml:74:17-87
266-->[androidx.work:work-runtime:2.7.0] AndroidManifest.xml:74:25-84
267                <action android:name="android.intent.action.ACTION_POWER_DISCONNECTED" />
267-->[androidx.work:work-runtime:2.7.0] AndroidManifest.xml:75:17-90
267-->[androidx.work:work-runtime:2.7.0] AndroidManifest.xml:75:25-87
268            </intent-filter>
269        </receiver>
270        <receiver
270-->[androidx.work:work-runtime:2.7.0] AndroidManifest.xml:78:9-88:20
271            android:name="androidx.work.impl.background.systemalarm.ConstraintProxy$BatteryNotLowProxy"
271-->[androidx.work:work-runtime:2.7.0] AndroidManifest.xml:79:13-104
272            android:directBootAware="false"
272-->[androidx.work:work-runtime:2.7.0] AndroidManifest.xml:80:13-44
273            android:enabled="false"
273-->[androidx.work:work-runtime:2.7.0] AndroidManifest.xml:81:13-36
274            android:exported="false" >
274-->[androidx.work:work-runtime:2.7.0] AndroidManifest.xml:82:13-37
275            <intent-filter>
275-->[androidx.work:work-runtime:2.7.0] AndroidManifest.xml:84:13-87:29
276                <action android:name="android.intent.action.BATTERY_OKAY" />
276-->[androidx.work:work-runtime:2.7.0] AndroidManifest.xml:85:17-77
276-->[androidx.work:work-runtime:2.7.0] AndroidManifest.xml:85:25-74
277                <action android:name="android.intent.action.BATTERY_LOW" />
277-->[androidx.work:work-runtime:2.7.0] AndroidManifest.xml:86:17-76
277-->[androidx.work:work-runtime:2.7.0] AndroidManifest.xml:86:25-73
278            </intent-filter>
279        </receiver>
280        <receiver
280-->[androidx.work:work-runtime:2.7.0] AndroidManifest.xml:89:9-99:20
281            android:name="androidx.work.impl.background.systemalarm.ConstraintProxy$StorageNotLowProxy"
281-->[androidx.work:work-runtime:2.7.0] AndroidManifest.xml:90:13-104
282            android:directBootAware="false"
282-->[androidx.work:work-runtime:2.7.0] AndroidManifest.xml:91:13-44
283            android:enabled="false"
283-->[androidx.work:work-runtime:2.7.0] AndroidManifest.xml:92:13-36
284            android:exported="false" >
284-->[androidx.work:work-runtime:2.7.0] AndroidManifest.xml:93:13-37
285            <intent-filter>
285-->[androidx.work:work-runtime:2.7.0] AndroidManifest.xml:95:13-98:29
286                <action android:name="android.intent.action.DEVICE_STORAGE_LOW" />
286-->[androidx.work:work-runtime:2.7.0] AndroidManifest.xml:96:17-83
286-->[androidx.work:work-runtime:2.7.0] AndroidManifest.xml:96:25-80
287                <action android:name="android.intent.action.DEVICE_STORAGE_OK" />
287-->[androidx.work:work-runtime:2.7.0] AndroidManifest.xml:97:17-82
287-->[androidx.work:work-runtime:2.7.0] AndroidManifest.xml:97:25-79
288            </intent-filter>
289        </receiver>
290        <receiver
290-->[androidx.work:work-runtime:2.7.0] AndroidManifest.xml:100:9-109:20
291            android:name="androidx.work.impl.background.systemalarm.ConstraintProxy$NetworkStateProxy"
291-->[androidx.work:work-runtime:2.7.0] AndroidManifest.xml:101:13-103
292            android:directBootAware="false"
292-->[androidx.work:work-runtime:2.7.0] AndroidManifest.xml:102:13-44
293            android:enabled="false"
293-->[androidx.work:work-runtime:2.7.0] AndroidManifest.xml:103:13-36
294            android:exported="false" >
294-->[androidx.work:work-runtime:2.7.0] AndroidManifest.xml:104:13-37
295            <intent-filter>
295-->[androidx.work:work-runtime:2.7.0] AndroidManifest.xml:106:13-108:29
296                <action android:name="android.net.conn.CONNECTIVITY_CHANGE" />
296-->[androidx.work:work-runtime:2.7.0] AndroidManifest.xml:107:17-79
296-->[androidx.work:work-runtime:2.7.0] AndroidManifest.xml:107:25-76
297            </intent-filter>
298        </receiver>
299        <receiver
299-->[androidx.work:work-runtime:2.7.0] AndroidManifest.xml:110:9-121:20
300            android:name="androidx.work.impl.background.systemalarm.RescheduleReceiver"
300-->[androidx.work:work-runtime:2.7.0] AndroidManifest.xml:111:13-88
301            android:directBootAware="false"
301-->[androidx.work:work-runtime:2.7.0] AndroidManifest.xml:112:13-44
302            android:enabled="false"
302-->[androidx.work:work-runtime:2.7.0] AndroidManifest.xml:113:13-36
303            android:exported="false" >
303-->[androidx.work:work-runtime:2.7.0] AndroidManifest.xml:114:13-37
304            <intent-filter>
304-->[androidx.work:work-runtime:2.7.0] AndroidManifest.xml:116:13-120:29
305                <action android:name="android.intent.action.BOOT_COMPLETED" />
305-->[androidx.work:work-runtime:2.7.0] AndroidManifest.xml:117:17-79
305-->[androidx.work:work-runtime:2.7.0] AndroidManifest.xml:117:25-76
306                <action android:name="android.intent.action.TIME_SET" />
306-->[androidx.work:work-runtime:2.7.0] AndroidManifest.xml:118:17-73
306-->[androidx.work:work-runtime:2.7.0] AndroidManifest.xml:118:25-70
307                <action android:name="android.intent.action.TIMEZONE_CHANGED" />
307-->[androidx.work:work-runtime:2.7.0] AndroidManifest.xml:119:17-81
307-->[androidx.work:work-runtime:2.7.0] AndroidManifest.xml:119:25-78
308            </intent-filter>
309        </receiver>
310        <receiver
310-->[androidx.work:work-runtime:2.7.0] AndroidManifest.xml:122:9-131:20
311            android:name="androidx.work.impl.background.systemalarm.ConstraintProxyUpdateReceiver"